<?xml version="1.0" encoding="UTF-8"?>
<!-- Generated by org.testng.reporters.JUnitXMLReporter -->
<testsuite hostname="Murali" ignored="0" name="Error Validation Test" tests="3" failures="1" timestamp="29 Feb 2024 05:46:53 GMT" time="82.869" errors="0">
  <testcase name="loginErrorValidation" time="5.923" classname="rahulshettyacademy.tests.ErrorValidation">
    <skipped/>
  </testcase> <!-- loginErrorValidation -->
  <testcase name="loginErrorValidation" time="1.42" classname="rahulshettyacademy.tests.ErrorValidation">
    <failure type="java.lang.AssertionError" message="expected [Incorrect email or password] but found [Incorrect email or password.]">
      <![CDATA[java.lang.AssertionError: expected [Incorrect email or password] but found [Incorrect email or password.]
at rahulshettyacademy.tests.ErrorValidation.loginErrorValidation(ErrorValidation.java:16)
at java.util.concurrent.FutureTask.run(Unknown Source)
at java.util.concurrent.ThreadPoolExecutor.runWorker(Unknown Source)
at java.util.concurrent.ThreadPoolExecutor$Worker.run(Unknown Source)
at java.lang.Thread.run(Unknown Source)
... Removed 22 stack frames]]>
    </failure>
  </testcase> <!-- loginErrorValidation -->
  <testcase name="productErrorValidation" time="12.624" classname="rahulshettyacademy.tests.ErrorValidation"/>
</testsuite> <!-- Error Validation Test -->
