<?xml version="1.0" encoding="UTF-8"?>
<!-- Generated by org.testng.reporters.JUnitXMLReporter -->
<testsuite ignored="0" hostname="Murali" failures="0" tests="2" name="Error Validation Test" time="102.999" errors="0" timestamp="2024-03-12T18:27:44 GMT-04:00">
  <testcase classname="rahulshettyacademy.tests.ErrorValidation" name="loginErrorValidation" time="1.538"/>
  <testcase classname="rahulshettyacademy.tests.ErrorValidation" name="productErrorValidation" time="16.988"/>
</testsuite> <!-- Error Validation Test -->
