<?xml version="1.0" encoding="UTF-8"?>
<!-- Generated by org.testng.reporters.JUnitXMLReporter -->
<testsuite ignored="0" hostname="Murali" failures="0" tests="3" name="Submit Order Test" time="122.256" errors="0" timestamp="2024-03-12T18:28:03 GMT-04:00">
  <testcase classname="rahulshettyacademy.tests.SubmitOrder" name="submitOrder" time="24.521"/>
  <testcase classname="rahulshettyacademy.tests.SubmitOrder" name="submitOrder" time="16.82"/>
  <testcase classname="rahulshettyacademy.tests.SubmitOrder" name="OrderHistoryTest" time="1.393"/>
</testsuite> <!-- Submit Order Test -->
