<?xml version="1.0" encoding="UTF-8"?>
<testng-results ignored="0" total="5" passed="5" failed="0" skipped="0">
  <reporter-output>
  </reporter-output>
  <suite started-at="2024-03-12T18:26:01 GMT-04:00" name="Suite" finished-at="2024-03-12T18:28:03 GMT-04:00" duration-ms="122256">
    <groups>
      <group name="ErrorHandling">
        <method signature="ErrorValidation.loginErrorValidation()[pri:0, instance:rahulshettyacademy.tests.ErrorValidation@33990a0c]" name="loginErrorValidation" class="rahulshettyacademy.tests.ErrorValidation"/>
      </group> <!-- ErrorHandling -->
      <group name="Purchase">
        <method signature="SubmitOrder.submitOrder(java.util.HashMap)[pri:0, instance:rahulshettyacademy.tests.SubmitOrder@2892dae4]" name="submitOrder" class="rahulshettyacademy.tests.SubmitOrder"/>
      </group> <!-- Purchase -->
    </groups>
    <test started-at="2024-03-12T18:26:01 GMT-04:00" name="Error Validation Test" finished-at="2024-03-12T18:27:44 GMT-04:00" duration-ms="102999">
      <class name="rahulshettyacademy.tests.ErrorValidation">
        <test-method is-config="true" signature="launchApplication()[pri:0, instance:rahulshettyacademy.tests.ErrorValidation@33990a0c]" started-at="2024-03-12T18:26:01 GMT-04:00" name="launchApplication" finished-at="2024-03-12T18:27:02 GMT-04:00" duration-ms="60808" status="PASS">
          <reporter-output>
          </reporter-output>
        </test-method> <!-- launchApplication -->
        <test-method signature="loginErrorValidation()[pri:0, instance:rahulshettyacademy.tests.ErrorValidation@33990a0c]" started-at="2024-03-12T18:27:02 GMT-04:00" name="loginErrorValidation" finished-at="2024-03-12T18:27:03 GMT-04:00" duration-ms="1538" status="PASS">
          <reporter-output>
          </reporter-output>
        </test-method> <!-- loginErrorValidation -->
        <test-method is-config="true" signature="tearDown()[pri:0, instance:rahulshettyacademy.tests.ErrorValidation@33990a0c]" started-at="2024-03-12T18:27:03 GMT-04:00" name="tearDown" finished-at="2024-03-12T18:27:04 GMT-04:00" duration-ms="890" status="PASS">
          <reporter-output>
          </reporter-output>
        </test-method> <!-- tearDown -->
        <test-method is-config="true" signature="launchApplication()[pri:0, instance:rahulshettyacademy.tests.ErrorValidation@33990a0c]" started-at="2024-03-12T18:27:04 GMT-04:00" name="launchApplication" finished-at="2024-03-12T18:27:27 GMT-04:00" duration-ms="22386" status="PASS">
          <reporter-output>
          </reporter-output>
        </test-method> <!-- launchApplication -->
        <test-method signature="productErrorValidation()[pri:0, instance:rahulshettyacademy.tests.ErrorValidation@33990a0c]" started-at="2024-03-12T18:27:27 GMT-04:00" name="productErrorValidation" finished-at="2024-03-12T18:27:44 GMT-04:00" duration-ms="16988" status="PASS">
          <reporter-output>
          </reporter-output>
        </test-method> <!-- productErrorValidation -->
        <test-method is-config="true" signature="tearDown()[pri:0, instance:rahulshettyacademy.tests.ErrorValidation@33990a0c]" started-at="2024-03-12T18:27:44 GMT-04:00" name="tearDown" finished-at="2024-03-12T18:27:44 GMT-04:00" duration-ms="295" status="PASS">
          <reporter-output>
          </reporter-output>
        </test-method> <!-- tearDown -->
      </class> <!-- rahulshettyacademy.tests.ErrorValidation -->
    </test> <!-- Error Validation Test -->
    <test started-at="2024-03-12T18:26:01 GMT-04:00" name="Submit Order Test" finished-at="2024-03-12T18:28:03 GMT-04:00" duration-ms="122256">
      <class name="rahulshettyacademy.tests.SubmitOrder">
        <test-method is-config="true" signature="launchApplication()[pri:0, instance:rahulshettyacademy.tests.SubmitOrder@2892dae4]" started-at="2024-03-12T18:26:02 GMT-04:00" name="launchApplication" finished-at="2024-03-12T18:27:00 GMT-04:00" duration-ms="58425" status="PASS">
          <reporter-output>
          </reporter-output>
        </test-method> <!-- launchApplication -->
        <test-method signature="submitOrder(java.util.HashMap)[pri:0, instance:rahulshettyacademy.tests.SubmitOrder@2892dae4]" started-at="2024-03-12T18:27:00 GMT-04:00" name="submitOrder" data-provider="getData" finished-at="2024-03-12T18:27:25 GMT-04:00" duration-ms="24521" status="PASS">
          <params>
            <param index="0">
              <value>
                <![CDATA[{prdName=ZARA COAT 3, email=anshika@gmail.com, paswd=Iamking@000}]]>
              </value>
            </param>
          </params>
          <reporter-output>
          </reporter-output>
        </test-method> <!-- submitOrder -->
        <test-method is-config="true" signature="tearDown()[pri:0, instance:rahulshettyacademy.tests.SubmitOrder@2892dae4]" started-at="2024-03-12T18:27:25 GMT-04:00" name="tearDown" finished-at="2024-03-12T18:27:26 GMT-04:00" duration-ms="803" status="PASS">
          <reporter-output>
          </reporter-output>
        </test-method> <!-- tearDown -->
        <test-method is-config="true" signature="launchApplication()[pri:0, instance:rahulshettyacademy.tests.SubmitOrder@2892dae4]" started-at="2024-03-12T18:27:26 GMT-04:00" name="launchApplication" finished-at="2024-03-12T18:27:36 GMT-04:00" duration-ms="10308" status="PASS">
          <reporter-output>
          </reporter-output>
        </test-method> <!-- launchApplication -->
        <test-method signature="submitOrder(java.util.HashMap)[pri:0, instance:rahulshettyacademy.tests.SubmitOrder@2892dae4]" started-at="2024-03-12T18:27:36 GMT-04:00" name="submitOrder" data-provider="getData" finished-at="2024-03-12T18:27:53 GMT-04:00" duration-ms="16820" status="PASS">
          <params>
            <param index="0">
              <value>
                <![CDATA[{prdName=ADIDAS ORIGINAL, email=shetty@gmail.com, paswd=Iamking@000}]]>
              </value>
            </param>
          </params>
          <reporter-output>
          </reporter-output>
        </test-method> <!-- submitOrder -->
        <test-method is-config="true" signature="tearDown()[pri:0, instance:rahulshettyacademy.tests.SubmitOrder@2892dae4]" started-at="2024-03-12T18:27:53 GMT-04:00" name="tearDown" finished-at="2024-03-12T18:27:53 GMT-04:00" duration-ms="326" status="PASS">
          <reporter-output>
          </reporter-output>
        </test-method> <!-- tearDown -->
        <test-method is-config="true" signature="launchApplication()[pri:0, instance:rahulshettyacademy.tests.SubmitOrder@2892dae4]" started-at="2024-03-12T18:27:53 GMT-04:00" name="launchApplication" finished-at="2024-03-12T18:28:02 GMT-04:00" duration-ms="8509" status="PASS">
          <reporter-output>
          </reporter-output>
        </test-method> <!-- launchApplication -->
        <test-method signature="OrderHistoryTest()[pri:0, instance:rahulshettyacademy.tests.SubmitOrder@2892dae4]" started-at="2024-03-12T18:28:02 GMT-04:00" name="OrderHistoryTest" finished-at="2024-03-12T18:28:03 GMT-04:00" depends-on-methods="rahulshettyacademy.tests.SubmitOrder.submitOrder" duration-ms="1393" status="PASS">
          <reporter-output>
          </reporter-output>
        </test-method> <!-- OrderHistoryTest -->
        <test-method is-config="true" signature="tearDown()[pri:0, instance:rahulshettyacademy.tests.SubmitOrder@2892dae4]" started-at="2024-03-12T18:28:03 GMT-04:00" name="tearDown" finished-at="2024-03-12T18:28:03 GMT-04:00" duration-ms="248" status="PASS">
          <reporter-output>
          </reporter-output>
        </test-method> <!-- tearDown -->
      </class> <!-- rahulshettyacademy.tests.SubmitOrder -->
    </test> <!-- Submit Order Test -->
  </suite> <!-- Suite -->
</testng-results>
