<?xml version="1.0" encoding="UTF-8"?>
<testng-results ignored="0" total="1" passed="1" failed="0" skipped="0">
  <reporter-output>
  </reporter-output>
  <suite started-at="2024-03-05T17:41:56 EST" name="Default suite" finished-at="2024-03-05T17:43:18 EST" duration-ms="82169">
    <groups>
      <group name="cucumber">
        <method signature="AbstractTestNGCucumberTests.runScenario(io.cucumber.testng.PickleWrapper,io.cucumber.testng.FeatureWrapper)[pri:0, instance:rahulshettyacademy.cucumber.TestNGRunner@408d971b]" name="runScenario" class="io.cucumber.testng.AbstractTestNGCucumberTests"/>
      </group> <!-- cucumber -->
    </groups>
    <test started-at="2024-03-05T17:41:56 EST" name="Default test" finished-at="2024-03-05T17:43:18 EST" duration-ms="82169">
      <class name="rahulshettyacademy.cucumber.TestNGRunner">
        <test-method is-config="true" signature="setUpClass(org.testng.ITestContext)[pri:0, instance:rahulshettyacademy.cucumber.TestNGRunner@408d971b]" started-at="2024-03-05T17:41:56 EST" name="setUpClass" finished-at="2024-03-05T17:42:02 EST" duration-ms="5877" status="PASS">
          <params>
            <param index="0">
              <value>
                <![CDATA[org.testng.TestRunner@644a3add]]>
              </value>
            </param>
          </params>
          <reporter-output>
          </reporter-output>
        </test-method> <!-- setUpClass -->
        <test-method signature="runScenario(io.cucumber.testng.PickleWrapper,io.cucumber.testng.FeatureWrapper)[pri:0, instance:rahulshettyacademy.cucumber.TestNGRunner@408d971b]" started-at="2024-03-05T17:42:02 EST" name="runScenario" description="Runs Cucumber Scenarios" data-provider="scenarios" finished-at="2024-03-05T17:43:18 EST" duration-ms="75918" status="PASS">
          <params>
            <param index="0">
              <value>
                <![CDATA["Postitive Test Of Submitting the Order"]]>
              </value>
            </param>
            <param index="1">
              <value>
                <![CDATA["Purchase the order from Ecommerce website"]]>
              </value>
            </param>
          </params>
          <reporter-output>
          </reporter-output>
        </test-method> <!-- runScenario -->
        <test-method is-config="true" signature="tearDownClass()[pri:0, instance:rahulshettyacademy.cucumber.TestNGRunner@408d971b]" started-at="2024-03-05T17:43:18 EST" name="tearDownClass" finished-at="2024-03-05T17:43:18 EST" duration-ms="266" status="PASS">
          <reporter-output>
          </reporter-output>
        </test-method> <!-- tearDownClass -->
      </class> <!-- rahulshettyacademy.cucumber.TestNGRunner -->
    </test> <!-- Default test -->
  </suite> <!-- Default suite -->
</testng-results>
